\BOOKMARK [0][-]{chapter*.1}{Preface}{}% 1
\BOOKMARK [0][-]{chapter*.2}{Acknowledgements}{}% 2
\BOOKMARK [0][-]{chapter*.3}{Outline}{}% 3
\BOOKMARK [-1][-]{part.1}{I Background}{}% 4
\BOOKMARK [0][-]{chapter.1}{Introduction}{part.1}% 5
\BOOKMARK [1][-]{section.1.1}{Motivation}{chapter.1}% 6
\BOOKMARK [0][-]{chapter.2}{Theory on water-wave models}{part.1}% 7
\BOOKMARK [1][-]{section.2.1}{Derivation of models and equations}{chapter.2}% 8
\BOOKMARK [1][-]{section.2.2}{Hamiltonian theory}{chapter.2}% 9
\BOOKMARK [1][-]{section.2.3}{Solutions and their stability}{chapter.2}% 10
\BOOKMARK [1][-]{section.2.4}{Bifurcation curves and their connection to stability}{chapter.2}% 11
\BOOKMARK [0][-]{chapter.3}{Numerics for water-wave models}{part.1}% 12
\BOOKMARK [1][-]{section.3.1}{Fixed point methods}{chapter.3}% 13
\BOOKMARK [0][-]{chapter.4}{Pressure reconstruction theory}{part.1}% 14
\BOOKMARK [0][-]{chapter.5}{Summary of results}{part.1}% 15
\BOOKMARK [1][-]{section.5.1}{The Whitham equation as a model for surface water waves}{chapter.5}% 16
\BOOKMARK [1][-]{section.5.2}{The Whitham equation with surface tension}{chapter.5}% 17
\BOOKMARK [1][-]{section.5.3}{A numerical study of nonlinear dispersive wave models with SpecTraVVave}{chapter.5}% 18
\BOOKMARK [1][-]{section.5.4}{Explicit solutions for a long-wave model with constant vorticity}{chapter.5}% 19
\BOOKMARK [0][-]{section.5.4}{Bibliography}{part.1}% 20
\BOOKMARK [-1][-]{part.2}{II Scientific results}{}% 21
